{"name": "test_add_to_cart_5_Test_allTheThings_T_Shirt_Red_", "status": "broken", "statusDetails": {"message": "selenium.common.exceptions.NoSuchElementException: Message: no such element: Unable to locate element: {\"method\":\"css selector\",\"selector\":\".cart_item\"}\n  (Session info: MicrosoftEdge=131.0.2903.99); For documentation on this error, please visit: https://www.selenium.dev/documentation/webdriver/troubleshooting/errors#no-such-element-exception\nStacktrace:\n0   msedgedriver                        0x0000000101461818 msedgedriver + 6527000\n1   msedgedriver                        0x00000001014599fc msedgedriver + 6494716\n2   msedgedriver                        0x0000000100e65984 msedgedriver + 252292\n3   msedgedriver                        0x0000000100ea49f8 msedgedriver + 510456\n4   msedgedriver                        0x0000000100eda680 msedgedriver + 730752\n5   msedgedriver                        0x0000000100e9ae80 msedgedriver + 470656\n6   msedgedriver                        0x0000000100e9b748 msedgedriver + 472904\n7   msedgedriver                        0x0000000101428f78 msedgedriver + 6295416\n8   msedgedriver                        0x000000010142c61c msedgedriver + 6309404\n9   msedgedriver                        0x000000010140c8a0 msedgedriver + 6178976\n10  msedgedriver                        0x000000010142cc5c msedgedriver + 6311004\n11  msedgedriver                        0x00000001013fda5c msedgedriver + 6117980\n12  msedgedriver                        0x0000000101449440 msedgedriver + 6427712\n13  msedgedriver                        0x0000000101449590 msedgedriver + 6428048\n14  msedgedriver                        0x000000010145961c msedgedriver + 6493724\n15  libsystem_pthread.dylib             0x0000000182d682e4 _pthread_start + 136\n16  libsystem_pthread.dylib             0x0000000182d630fc thread_start + 8", "trace": "a = (<test_SwagLabs.ShoppingSystemTests testMethod=test_add_to_cart_5_Test_allTheThings_T_Shirt_Red_>,), kw = {}\n\n    @wraps(func)\n    def standalone_func(*a, **kw):\n>       return func(*(a + p.args), **p.kwargs, **kw)\n\n/Users/pojis/opt/anaconda3/lib/python3.9/site-packages/parameterized/parameterized.py:620: \n_ _ _ _ _ _ _ _ _ _ _ _ _ _ _ _ _ _ _ _ _ _ _ _ _ _ _ _ _ _ _ _ _ _ _ _ _ _ _ _ _ _ _ _ _ _ _ _ _ _ _ _ _ _ _ _ _\ntest_SwagLabs.py:84: in test_add_to_cart\n    cart_item = self.driver.find_element(By.CLASS_NAME, 'cart_item')\n/Users/pojis/opt/anaconda3/lib/python3.9/site-packages/selenium/webdriver/remote/webdriver.py:770: in find_element\n    return self.execute(Command.FIND_ELEMENT, {\"using\": by, \"value\": value})[\"value\"]\n/Users/pojis/opt/anaconda3/lib/python3.9/site-packages/selenium/webdriver/remote/webdriver.py:384: in execute\n    self.error_handler.check_response(response)\n_ _ _ _ _ _ _ _ _ _ _ _ _ _ _ _ _ _ _ _ _ _ _ _ _ _ _ _ _ _ _ _ _ _ _ _ _ _ _ _ _ _ _ _ _ _ _ _ _ _ _ _ _ _ _ _ _\n\nself = <selenium.webdriver.remote.errorhandler.ErrorHandler object at 0x102adf820>\nresponse = {'status': 404, 'value': '{\"value\":{\"error\":\"no such element\",\"message\":\"no such element: Unable to locate element: {\\...000182d682e4 _pthread_start + 136\\\\n16  libsystem_pthread.dylib             0x0000000182d630fc thread_start + 8\\\\n\"}}'}\n\n    def check_response(self, response: Dict[str, Any]) -> None:\n        \"\"\"Checks that a JSON response from the WebDriver does not have an\n        error.\n    \n        :Args:\n         - response - The JSON response from the WebDriver server as a dictionary\n           object.\n    \n        :Raises: If the response contains an error message.\n        \"\"\"\n        status = response.get(\"status\", None)\n        if not status or status == ErrorCode.SUCCESS:\n            return\n        value = None\n        message = response.get(\"message\", \"\")\n        screen: str = response.get(\"screen\", \"\")\n        stacktrace = None\n        if isinstance(status, int):\n            value_json = response.get(\"value\", None)\n            if value_json and isinstance(value_json, str):\n                import json\n    \n                try:\n                    value = json.loads(value_json)\n                    if len(value) == 1:\n                        value = value[\"value\"]\n                    status = value.get(\"error\", None)\n                    if not status:\n                        status = value.get(\"status\", ErrorCode.UNKNOWN_ERROR)\n                        message = value.get(\"value\") or value.get(\"message\")\n                        if not isinstance(message, str):\n                            value = message\n                            message = message.get(\"message\")\n                    else:\n                        message = value.get(\"message\", None)\n                except ValueError:\n                    pass\n    \n        exception_class: Type[WebDriverException]\n        e = ErrorCode()\n        error_codes = [item for item in dir(e) if not item.startswith(\"__\")]\n        for error_code in error_codes:\n            error_info = getattr(ErrorCode, error_code)\n            if isinstance(error_info, list) and status in error_info:\n                exception_class = getattr(ExceptionMapping, error_code, WebDriverException)\n                break\n        else:\n            exception_class = WebDriverException\n    \n        if not value:\n            value = response[\"value\"]\n        if isinstance(value, str):\n            raise exception_class(value)\n        if message == \"\" and \"message\" in value:\n            message = value[\"message\"]\n    \n        screen = None  # type: ignore[assignment]\n        if \"screen\" in value:\n            screen = value[\"screen\"]\n    \n        stacktrace = None\n        st_value = value.get(\"stackTrace\") or value.get(\"stacktrace\")\n        if st_value:\n            if isinstance(st_value, str):\n                stacktrace = st_value.split(\"\\n\")\n            else:\n                stacktrace = []\n                try:\n                    for frame in st_value:\n                        line = frame.get(\"lineNumber\", \"\")\n                        file = frame.get(\"fileName\", \"<anonymous>\")\n                        if line:\n                            file = f\"{file}:{line}\"\n                        meth = frame.get(\"methodName\", \"<anonymous>\")\n                        if \"className\" in frame:\n                            meth = f\"{frame['className']}.{meth}\"\n                        msg = \"    at %s (%s)\"\n                        msg = msg % (meth, file)\n                        stacktrace.append(msg)\n                except TypeError:\n                    pass\n        if exception_class == UnexpectedAlertPresentException:\n            alert_text = None\n            if \"data\" in value:\n                alert_text = value[\"data\"].get(\"text\")\n            elif \"alert\" in value:\n                alert_text = value[\"alert\"].get(\"text\")\n            raise exception_class(message, screen, stacktrace, alert_text)  # type: ignore[call-arg]  # mypy is not smart enough here\n>       raise exception_class(message, screen, stacktrace)\nE       selenium.common.exceptions.NoSuchElementException: Message: no such element: Unable to locate element: {\"method\":\"css selector\",\"selector\":\".cart_item\"}\nE         (Session info: MicrosoftEdge=131.0.2903.99); For documentation on this error, please visit: https://www.selenium.dev/documentation/webdriver/troubleshooting/errors#no-such-element-exception\nE       Stacktrace:\nE       0   msedgedriver                        0x0000000101461818 msedgedriver + 6527000\nE       1   msedgedriver                        0x00000001014599fc msedgedriver + 6494716\nE       2   msedgedriver                        0x0000000100e65984 msedgedriver + 252292\nE       3   msedgedriver                        0x0000000100ea49f8 msedgedriver + 510456\nE       4   msedgedriver                        0x0000000100eda680 msedgedriver + 730752\nE       5   msedgedriver                        0x0000000100e9ae80 msedgedriver + 470656\nE       6   msedgedriver                        0x0000000100e9b748 msedgedriver + 472904\nE       7   msedgedriver                        0x0000000101428f78 msedgedriver + 6295416\nE       8   msedgedriver                        0x000000010142c61c msedgedriver + 6309404\nE       9   msedgedriver                        0x000000010140c8a0 msedgedriver + 6178976\nE       10  msedgedriver                        0x000000010142cc5c msedgedriver + 6311004\nE       11  msedgedriver                        0x00000001013fda5c msedgedriver + 6117980\nE       12  msedgedriver                        0x0000000101449440 msedgedriver + 6427712\nE       13  msedgedriver                        0x0000000101449590 msedgedriver + 6428048\nE       14  msedgedriver                        0x000000010145961c msedgedriver + 6493724\nE       15  libsystem_pthread.dylib             0x0000000182d682e4 _pthread_start + 136\nE       16  libsystem_pthread.dylib             0x0000000182d630fc thread_start + 8\n\n/Users/pojis/opt/anaconda3/lib/python3.9/site-packages/selenium/webdriver/remote/errorhandler.py:232: NoSuchElementException"}, "description": "测试添加商品到购物车功能 [with item_name='Test.allTheThings() T-Shirt (Red)', button_id='add-to-cart-test.allthethings()-t-shirt-(red)']", "start": 1734484369556, "stop": 1734484375477, "uuid": "f1f06d91-a4ab-4ac0-89ad-c96b06284216", "historyId": "5cd872755949d0d9f908773af70d4f98", "testCaseId": "5cd872755949d0d9f908773af70d4f98", "fullName": "test_SwagLabs.ShoppingSystemTests#test_add_to_cart_5_Test_allTheThings_T_Shirt_Red_", "labels": [{"name": "suite", "value": "test_SwagLabs"}, {"name": "subSuite", "value": "ShoppingSystemTests"}, {"name": "host", "value": "Akasha-Terminal-Macbook-Pro-14-2021.local"}, {"name": "thread", "value": "53034-MainThread"}, {"name": "framework", "value": "pytest"}, {"name": "language", "value": "cpython3"}, {"name": "package", "value": "test_SwagLabs"}]}